2017-04-07 13:10:28 DEBUG BooleanConverter:353 - Setting default value: false
2017-04-07 13:10:28 DEBUG BooleanConverter:140 - Converting 'Boolean' value 'false' to type 'Boolean'
2017-04-07 13:10:28 DEBUG BooleanConverter:162 -     No conversion required, value is already a Boolean
2017-04-07 13:10:28 DEBUG ByteConverter:353 - Setting default value: 0
2017-04-07 13:10:28 DEBUG ByteConverter:140 - Converting 'Integer' value '0' to type 'Byte'
2017-04-07 13:10:28 DEBUG ByteConverter:171 -     Converted to Byte value '0'
2017-04-07 13:10:28 DEBUG CharacterConverter:353 - Setting default value:  
2017-04-07 13:10:28 DEBUG CharacterConverter:140 - Converting 'Character' value ' ' to type 'Character'
2017-04-07 13:10:28 DEBUG CharacterConverter:162 -     No conversion required, value is already a Character
2017-04-07 13:10:28 DEBUG DoubleConverter:353 - Setting default value: 0
2017-04-07 13:10:28 DEBUG DoubleConverter:140 - Converting 'Integer' value '0' to type 'Double'
2017-04-07 13:10:28 DEBUG DoubleConverter:171 -     Converted to Double value '0.0'
2017-04-07 13:10:28 DEBUG FloatConverter:353 - Setting default value: 0
2017-04-07 13:10:28 DEBUG FloatConverter:140 - Converting 'Integer' value '0' to type 'Float'
2017-04-07 13:10:28 DEBUG FloatConverter:171 -     Converted to Float value '0.0'
2017-04-07 13:10:28 DEBUG IntegerConverter:353 - Setting default value: 0
2017-04-07 13:10:28 DEBUG IntegerConverter:140 - Converting 'Integer' value '0' to type 'Integer'
2017-04-07 13:10:28 DEBUG IntegerConverter:162 -     No conversion required, value is already a Integer
2017-04-07 13:10:28 DEBUG LongConverter:353 - Setting default value: 0
2017-04-07 13:10:28 DEBUG LongConverter:140 - Converting 'Integer' value '0' to type 'Long'
2017-04-07 13:10:28 DEBUG LongConverter:171 -     Converted to Long value '0'
2017-04-07 13:10:28 DEBUG ShortConverter:353 - Setting default value: 0
2017-04-07 13:10:28 DEBUG ShortConverter:140 - Converting 'Integer' value '0' to type 'Short'
2017-04-07 13:10:28 DEBUG ShortConverter:171 -     Converted to Short value '0'
2017-04-07 13:10:28 DEBUG BigDecimalConverter:353 - Setting default value: 0.0
2017-04-07 13:10:28 DEBUG BigDecimalConverter:140 - Converting 'BigDecimal' value '0.0' to type 'BigDecimal'
2017-04-07 13:10:28 DEBUG BigDecimalConverter:162 -     No conversion required, value is already a BigDecimal
2017-04-07 13:10:28 DEBUG BigIntegerConverter:353 - Setting default value: 0
2017-04-07 13:10:28 DEBUG BigIntegerConverter:140 - Converting 'BigInteger' value '0' to type 'BigInteger'
2017-04-07 13:10:28 DEBUG BigIntegerConverter:162 -     No conversion required, value is already a BigInteger
2017-04-07 13:10:28 DEBUG BooleanConverter:353 - Setting default value: false
2017-04-07 13:10:28 DEBUG BooleanConverter:140 - Converting 'Boolean' value 'false' to type 'Boolean'
2017-04-07 13:10:28 DEBUG BooleanConverter:162 -     No conversion required, value is already a Boolean
2017-04-07 13:10:28 DEBUG ByteConverter:353 - Setting default value: 0
2017-04-07 13:10:28 DEBUG ByteConverter:140 - Converting 'Integer' value '0' to type 'Byte'
2017-04-07 13:10:28 DEBUG ByteConverter:171 -     Converted to Byte value '0'
2017-04-07 13:10:28 DEBUG CharacterConverter:353 - Setting default value:  
2017-04-07 13:10:28 DEBUG CharacterConverter:140 - Converting 'Character' value ' ' to type 'Character'
2017-04-07 13:10:28 DEBUG CharacterConverter:162 -     No conversion required, value is already a Character
2017-04-07 13:10:28 DEBUG DoubleConverter:353 - Setting default value: 0
2017-04-07 13:10:28 DEBUG DoubleConverter:140 - Converting 'Integer' value '0' to type 'Double'
2017-04-07 13:10:28 DEBUG DoubleConverter:171 -     Converted to Double value '0.0'
2017-04-07 13:10:28 DEBUG FloatConverter:353 - Setting default value: 0
2017-04-07 13:10:28 DEBUG FloatConverter:140 - Converting 'Integer' value '0' to type 'Float'
2017-04-07 13:10:28 DEBUG FloatConverter:171 -     Converted to Float value '0.0'
2017-04-07 13:10:28 DEBUG IntegerConverter:353 - Setting default value: 0
2017-04-07 13:10:28 DEBUG IntegerConverter:140 - Converting 'Integer' value '0' to type 'Integer'
2017-04-07 13:10:28 DEBUG IntegerConverter:162 -     No conversion required, value is already a Integer
2017-04-07 13:10:28 DEBUG LongConverter:353 - Setting default value: 0
2017-04-07 13:10:28 DEBUG LongConverter:140 - Converting 'Integer' value '0' to type 'Long'
2017-04-07 13:10:28 DEBUG LongConverter:171 -     Converted to Long value '0'
2017-04-07 13:10:28 DEBUG ShortConverter:353 - Setting default value: 0
2017-04-07 13:10:28 DEBUG ShortConverter:140 - Converting 'Integer' value '0' to type 'Short'
2017-04-07 13:10:28 DEBUG ShortConverter:171 -     Converted to Short value '0'
2017-04-07 13:10:28 DEBUG StringConverter:353 - Setting default value: 
2017-04-07 13:10:28 DEBUG StringConverter:140 - Converting 'String' value '' to type 'String'
2017-04-07 13:10:28 DEBUG ArrayConverter:353 - Setting default value: [Z@62ddbd7e
2017-04-07 13:10:28 DEBUG ArrayConverter:140 - Converting 'boolean[]' value '[Z@62ddbd7e' to type 'boolean[]'
2017-04-07 13:10:28 DEBUG ArrayConverter:162 -     No conversion required, value is already a boolean[]
2017-04-07 13:10:28 DEBUG ArrayConverter:353 - Setting default value: [B@74e52ef6
2017-04-07 13:10:28 DEBUG ArrayConverter:140 - Converting 'byte[]' value '[B@74e52ef6' to type 'byte[]'
2017-04-07 13:10:28 DEBUG ArrayConverter:162 -     No conversion required, value is already a byte[]
2017-04-07 13:10:28 DEBUG ArrayConverter:353 - Setting default value: [C@6ed3ccb2
2017-04-07 13:10:28 DEBUG ArrayConverter:140 - Converting 'char[]' value '[C@6ed3ccb2' to type 'char[]'
2017-04-07 13:10:28 DEBUG ArrayConverter:162 -     No conversion required, value is already a char[]
2017-04-07 13:10:28 DEBUG ArrayConverter:353 - Setting default value: [D@1a677343
2017-04-07 13:10:28 DEBUG ArrayConverter:140 - Converting 'double[]' value '[D@1a677343' to type 'double[]'
2017-04-07 13:10:28 DEBUG ArrayConverter:162 -     No conversion required, value is already a double[]
2017-04-07 13:10:28 DEBUG ArrayConverter:353 - Setting default value: [F@15de0b3c
2017-04-07 13:10:28 DEBUG ArrayConverter:140 - Converting 'float[]' value '[F@15de0b3c' to type 'float[]'
2017-04-07 13:10:28 DEBUG ArrayConverter:162 -     No conversion required, value is already a float[]
2017-04-07 13:10:28 DEBUG ArrayConverter:353 - Setting default value: [I@489115ef
2017-04-07 13:10:28 DEBUG ArrayConverter:140 - Converting 'int[]' value '[I@489115ef' to type 'int[]'
2017-04-07 13:10:28 DEBUG ArrayConverter:162 -     No conversion required, value is already a int[]
2017-04-07 13:10:28 DEBUG ArrayConverter:353 - Setting default value: [J@3857f613
2017-04-07 13:10:28 DEBUG ArrayConverter:140 - Converting 'long[]' value '[J@3857f613' to type 'long[]'
2017-04-07 13:10:28 DEBUG ArrayConverter:162 -     No conversion required, value is already a long[]
2017-04-07 13:10:28 DEBUG ArrayConverter:353 - Setting default value: [S@198b6731
2017-04-07 13:10:28 DEBUG ArrayConverter:140 - Converting 'short[]' value '[S@198b6731' to type 'short[]'
2017-04-07 13:10:28 DEBUG ArrayConverter:162 -     No conversion required, value is already a short[]
2017-04-07 13:10:28 DEBUG ArrayConverter:353 - Setting default value: [Ljava.math.BigDecimal;@7c6908d7
2017-04-07 13:10:28 DEBUG ArrayConverter:140 - Converting 'BigDecimal[]' value '[Ljava.math.BigDecimal;@7c6908d7' to type 'BigDecimal[]'
2017-04-07 13:10:28 DEBUG ArrayConverter:162 -     No conversion required, value is already a BigDecimal[]
2017-04-07 13:10:28 DEBUG ArrayConverter:353 - Setting default value: [Ljava.math.BigInteger;@3bf7ca37
2017-04-07 13:10:28 DEBUG ArrayConverter:140 - Converting 'BigInteger[]' value '[Ljava.math.BigInteger;@3bf7ca37' to type 'BigInteger[]'
2017-04-07 13:10:28 DEBUG ArrayConverter:162 -     No conversion required, value is already a BigInteger[]
2017-04-07 13:10:28 DEBUG ArrayConverter:353 - Setting default value: [Ljava.lang.Boolean;@4d1c00d0
2017-04-07 13:10:28 DEBUG ArrayConverter:140 - Converting 'Boolean[]' value '[Ljava.lang.Boolean;@4d1c00d0' to type 'Boolean[]'
2017-04-07 13:10:28 DEBUG ArrayConverter:162 -     No conversion required, value is already a Boolean[]
2017-04-07 13:10:28 DEBUG ArrayConverter:353 - Setting default value: [Ljava.lang.Byte;@4e08711f
2017-04-07 13:10:28 DEBUG ArrayConverter:140 - Converting 'Byte[]' value '[Ljava.lang.Byte;@4e08711f' to type 'Byte[]'
2017-04-07 13:10:28 DEBUG ArrayConverter:162 -     No conversion required, value is already a Byte[]
2017-04-07 13:10:28 DEBUG ArrayConverter:353 - Setting default value: [Ljava.lang.Character;@26794848
2017-04-07 13:10:28 DEBUG ArrayConverter:140 - Converting 'Character[]' value '[Ljava.lang.Character;@26794848' to type 'Character[]'
2017-04-07 13:10:28 DEBUG ArrayConverter:162 -     No conversion required, value is already a Character[]
2017-04-07 13:10:28 DEBUG ArrayConverter:353 - Setting default value: [Ljava.lang.Double;@3d285d7e
2017-04-07 13:10:28 DEBUG ArrayConverter:140 - Converting 'Double[]' value '[Ljava.lang.Double;@3d285d7e' to type 'Double[]'
2017-04-07 13:10:28 DEBUG ArrayConverter:162 -     No conversion required, value is already a Double[]
2017-04-07 13:10:28 DEBUG ArrayConverter:353 - Setting default value: [Ljava.lang.Float;@2cd76f31
2017-04-07 13:10:28 DEBUG ArrayConverter:140 - Converting 'Float[]' value '[Ljava.lang.Float;@2cd76f31' to type 'Float[]'
2017-04-07 13:10:28 DEBUG ArrayConverter:162 -     No conversion required, value is already a Float[]
2017-04-07 13:10:28 DEBUG ArrayConverter:353 - Setting default value: [Ljava.lang.Integer;@49438269
2017-04-07 13:10:28 DEBUG ArrayConverter:140 - Converting 'Integer[]' value '[Ljava.lang.Integer;@49438269' to type 'Integer[]'
2017-04-07 13:10:28 DEBUG ArrayConverter:162 -     No conversion required, value is already a Integer[]
2017-04-07 13:10:28 DEBUG ArrayConverter:353 - Setting default value: [Ljava.lang.Long;@1c1bbc4e
2017-04-07 13:10:28 DEBUG ArrayConverter:140 - Converting 'Long[]' value '[Ljava.lang.Long;@1c1bbc4e' to type 'Long[]'
2017-04-07 13:10:28 DEBUG ArrayConverter:162 -     No conversion required, value is already a Long[]
2017-04-07 13:10:28 DEBUG ArrayConverter:353 - Setting default value: [Ljava.lang.Short;@fbd1f6
2017-04-07 13:10:28 DEBUG ArrayConverter:140 - Converting 'Short[]' value '[Ljava.lang.Short;@fbd1f6' to type 'Short[]'
2017-04-07 13:10:28 DEBUG ArrayConverter:162 -     No conversion required, value is already a Short[]
2017-04-07 13:10:28 DEBUG ArrayConverter:353 - Setting default value: [Ljava.lang.String;@5dda768f
2017-04-07 13:10:28 DEBUG ArrayConverter:140 - Converting 'String[]' value '[Ljava.lang.String;@5dda768f' to type 'String[]'
2017-04-07 13:10:28 DEBUG ArrayConverter:162 -     No conversion required, value is already a String[]
2017-04-07 13:10:28 DEBUG ArrayConverter:353 - Setting default value: [Ljava.lang.Class;@7a8c8dcf
2017-04-07 13:10:28 DEBUG ArrayConverter:140 - Converting 'Class[]' value '[Ljava.lang.Class;@7a8c8dcf' to type 'Class[]'
2017-04-07 13:10:28 DEBUG ArrayConverter:162 -     No conversion required, value is already a Class[]
2017-04-07 13:10:28 DEBUG ArrayConverter:353 - Setting default value: [Ljava.util.Date;@2aceadd4
2017-04-07 13:10:28 DEBUG ArrayConverter:140 - Converting 'Date[]' value '[Ljava.util.Date;@2aceadd4' to type 'Date[]'
2017-04-07 13:10:28 DEBUG ArrayConverter:162 -     No conversion required, value is already a Date[]
2017-04-07 13:10:28 DEBUG ArrayConverter:353 - Setting default value: [Ljava.util.Calendar;@3a52dba3
2017-04-07 13:10:28 DEBUG ArrayConverter:140 - Converting 'Calendar[]' value '[Ljava.util.Calendar;@3a52dba3' to type 'Calendar[]'
2017-04-07 13:10:28 DEBUG ArrayConverter:162 -     No conversion required, value is already a Calendar[]
2017-04-07 13:10:28 DEBUG ArrayConverter:353 - Setting default value: [Ljava.io.File;@752325ad
2017-04-07 13:10:28 DEBUG ArrayConverter:140 - Converting 'java.io.File[]' value '[Ljava.io.File;@752325ad' to type 'java.io.File[]'
2017-04-07 13:10:28 DEBUG ArrayConverter:162 -     No conversion required, value is already a java.io.File[]
2017-04-07 13:10:28 DEBUG ArrayConverter:353 - Setting default value: [Ljava.sql.Date;@b3ca52e
2017-04-07 13:10:28 DEBUG ArrayConverter:140 - Converting 'java.sql.Date[]' value '[Ljava.sql.Date;@b3ca52e' to type 'java.sql.Date[]'
2017-04-07 13:10:28 DEBUG ArrayConverter:162 -     No conversion required, value is already a java.sql.Date[]
2017-04-07 13:10:28 DEBUG ArrayConverter:353 - Setting default value: [Ljava.sql.Time;@2925bf5b
2017-04-07 13:10:28 DEBUG ArrayConverter:140 - Converting 'java.sql.Time[]' value '[Ljava.sql.Time;@2925bf5b' to type 'java.sql.Time[]'
2017-04-07 13:10:28 DEBUG ArrayConverter:162 -     No conversion required, value is already a java.sql.Time[]
2017-04-07 13:10:28 DEBUG ArrayConverter:353 - Setting default value: [Ljava.sql.Timestamp;@1ff4931d
2017-04-07 13:10:28 DEBUG ArrayConverter:140 - Converting 'java.sql.Timestamp[]' value '[Ljava.sql.Timestamp;@1ff4931d' to type 'java.sql.Timestamp[]'
2017-04-07 13:10:28 DEBUG ArrayConverter:162 -     No conversion required, value is already a java.sql.Timestamp[]
2017-04-07 13:10:28 DEBUG ArrayConverter:353 - Setting default value: [Ljava.net.URL;@61322f9d
2017-04-07 13:10:28 DEBUG ArrayConverter:140 - Converting 'java.net.URL[]' value '[Ljava.net.URL;@61322f9d' to type 'java.net.URL[]'
2017-04-07 13:10:28 DEBUG ArrayConverter:162 -     No conversion required, value is already a java.net.URL[]
2017-04-07 13:10:28 DEBUG StringConverter:140 - Converting 'String' value '${app.server}' to type 'String'
2017-04-07 13:10:28 DEBUG StringConverter:140 - Converting 'String' value '${browser}' to type 'String'
2017-04-07 13:10:28 DEBUG LongConverter:140 - Converting 'String' value '20' to type 'Long'
2017-04-07 13:10:28 DEBUG LongConverter:269 -     No NumberFormat, using default conversion
2017-04-07 13:10:28 DEBUG LongConverter:171 -     Converted to Long value '20'
2017-04-07 13:10:28 DEBUG LongConverter:140 - Converting 'String' value '90' to type 'Long'
2017-04-07 13:10:28 DEBUG LongConverter:269 -     No NumberFormat, using default conversion
2017-04-07 13:10:28 DEBUG LongConverter:171 -     Converted to Long value '90'
2017-04-07 13:10:28 DEBUG LongConverter:140 - Converting 'String' value '500' to type 'Long'
2017-04-07 13:10:28 DEBUG LongConverter:269 -     No NumberFormat, using default conversion
2017-04-07 13:10:28 DEBUG LongConverter:171 -     Converted to Long value '500'
2017-04-07 13:10:28 DEBUG BooleanConverter:140 - Converting 'String' value 'false' to type 'Boolean'
2017-04-07 13:10:28 DEBUG BooleanConverter:171 -     Converted to Boolean value 'false'
2017-04-07 13:10:28 DEBUG StringConverter:140 - Converting 'String' value '${grid.hubHostName}' to type 'String'
2017-04-07 13:10:28 DEBUG StringConverter:140 - Converting 'String' value '1' to type 'String'
2017-04-07 13:24:18 DEBUG BooleanConverter:353 - Setting default value: false
2017-04-07 13:24:18 DEBUG BooleanConverter:140 - Converting 'Boolean' value 'false' to type 'Boolean'
2017-04-07 13:24:18 DEBUG BooleanConverter:162 -     No conversion required, value is already a Boolean
2017-04-07 13:24:18 DEBUG ByteConverter:353 - Setting default value: 0
2017-04-07 13:24:18 DEBUG ByteConverter:140 - Converting 'Integer' value '0' to type 'Byte'
2017-04-07 13:24:18 DEBUG ByteConverter:171 -     Converted to Byte value '0'
2017-04-07 13:24:18 DEBUG CharacterConverter:353 - Setting default value:  
2017-04-07 13:24:18 DEBUG CharacterConverter:140 - Converting 'Character' value ' ' to type 'Character'
2017-04-07 13:24:18 DEBUG CharacterConverter:162 -     No conversion required, value is already a Character
2017-04-07 13:24:18 DEBUG DoubleConverter:353 - Setting default value: 0
2017-04-07 13:24:18 DEBUG DoubleConverter:140 - Converting 'Integer' value '0' to type 'Double'
2017-04-07 13:24:18 DEBUG DoubleConverter:171 -     Converted to Double value '0.0'
2017-04-07 13:24:18 DEBUG FloatConverter:353 - Setting default value: 0
2017-04-07 13:24:18 DEBUG FloatConverter:140 - Converting 'Integer' value '0' to type 'Float'
2017-04-07 13:24:18 DEBUG FloatConverter:171 -     Converted to Float value '0.0'
2017-04-07 13:24:18 DEBUG IntegerConverter:353 - Setting default value: 0
2017-04-07 13:24:18 DEBUG IntegerConverter:140 - Converting 'Integer' value '0' to type 'Integer'
2017-04-07 13:24:18 DEBUG IntegerConverter:162 -     No conversion required, value is already a Integer
2017-04-07 13:24:18 DEBUG LongConverter:353 - Setting default value: 0
2017-04-07 13:24:18 DEBUG LongConverter:140 - Converting 'Integer' value '0' to type 'Long'
2017-04-07 13:24:18 DEBUG LongConverter:171 -     Converted to Long value '0'
2017-04-07 13:24:18 DEBUG ShortConverter:353 - Setting default value: 0
2017-04-07 13:24:18 DEBUG ShortConverter:140 - Converting 'Integer' value '0' to type 'Short'
2017-04-07 13:24:18 DEBUG ShortConverter:171 -     Converted to Short value '0'
2017-04-07 13:24:18 DEBUG BigDecimalConverter:353 - Setting default value: 0.0
2017-04-07 13:24:18 DEBUG BigDecimalConverter:140 - Converting 'BigDecimal' value '0.0' to type 'BigDecimal'
2017-04-07 13:24:18 DEBUG BigDecimalConverter:162 -     No conversion required, value is already a BigDecimal
2017-04-07 13:24:18 DEBUG BigIntegerConverter:353 - Setting default value: 0
2017-04-07 13:24:18 DEBUG BigIntegerConverter:140 - Converting 'BigInteger' value '0' to type 'BigInteger'
2017-04-07 13:24:18 DEBUG BigIntegerConverter:162 -     No conversion required, value is already a BigInteger
2017-04-07 13:24:18 DEBUG BooleanConverter:353 - Setting default value: false
2017-04-07 13:24:18 DEBUG BooleanConverter:140 - Converting 'Boolean' value 'false' to type 'Boolean'
2017-04-07 13:24:18 DEBUG BooleanConverter:162 -     No conversion required, value is already a Boolean
2017-04-07 13:24:18 DEBUG ByteConverter:353 - Setting default value: 0
2017-04-07 13:24:18 DEBUG ByteConverter:140 - Converting 'Integer' value '0' to type 'Byte'
2017-04-07 13:24:18 DEBUG ByteConverter:171 -     Converted to Byte value '0'
2017-04-07 13:24:18 DEBUG CharacterConverter:353 - Setting default value:  
2017-04-07 13:24:18 DEBUG CharacterConverter:140 - Converting 'Character' value ' ' to type 'Character'
2017-04-07 13:24:18 DEBUG CharacterConverter:162 -     No conversion required, value is already a Character
2017-04-07 13:24:18 DEBUG DoubleConverter:353 - Setting default value: 0
2017-04-07 13:24:18 DEBUG DoubleConverter:140 - Converting 'Integer' value '0' to type 'Double'
2017-04-07 13:24:18 DEBUG DoubleConverter:171 -     Converted to Double value '0.0'
2017-04-07 13:24:18 DEBUG FloatConverter:353 - Setting default value: 0
2017-04-07 13:24:18 DEBUG FloatConverter:140 - Converting 'Integer' value '0' to type 'Float'
2017-04-07 13:24:18 DEBUG FloatConverter:171 -     Converted to Float value '0.0'
2017-04-07 13:24:18 DEBUG IntegerConverter:353 - Setting default value: 0
2017-04-07 13:24:18 DEBUG IntegerConverter:140 - Converting 'Integer' value '0' to type 'Integer'
2017-04-07 13:24:18 DEBUG IntegerConverter:162 -     No conversion required, value is already a Integer
2017-04-07 13:24:18 DEBUG LongConverter:353 - Setting default value: 0
2017-04-07 13:24:18 DEBUG LongConverter:140 - Converting 'Integer' value '0' to type 'Long'
2017-04-07 13:24:18 DEBUG LongConverter:171 -     Converted to Long value '0'
2017-04-07 13:24:18 DEBUG ShortConverter:353 - Setting default value: 0
2017-04-07 13:24:18 DEBUG ShortConverter:140 - Converting 'Integer' value '0' to type 'Short'
2017-04-07 13:24:18 DEBUG ShortConverter:171 -     Converted to Short value '0'
2017-04-07 13:24:18 DEBUG StringConverter:353 - Setting default value: 
2017-04-07 13:24:18 DEBUG StringConverter:140 - Converting 'String' value '' to type 'String'
2017-04-07 13:24:18 DEBUG ArrayConverter:353 - Setting default value: [Z@791f145a
2017-04-07 13:24:18 DEBUG ArrayConverter:140 - Converting 'boolean[]' value '[Z@791f145a' to type 'boolean[]'
2017-04-07 13:24:18 DEBUG ArrayConverter:162 -     No conversion required, value is already a boolean[]
2017-04-07 13:24:18 DEBUG ArrayConverter:353 - Setting default value: [B@38cee291
2017-04-07 13:24:18 DEBUG ArrayConverter:140 - Converting 'byte[]' value '[B@38cee291' to type 'byte[]'
2017-04-07 13:24:18 DEBUG ArrayConverter:162 -     No conversion required, value is already a byte[]
2017-04-07 13:24:18 DEBUG ArrayConverter:353 - Setting default value: [C@4b45a2f5
2017-04-07 13:24:18 DEBUG ArrayConverter:140 - Converting 'char[]' value '[C@4b45a2f5' to type 'char[]'
2017-04-07 13:24:18 DEBUG ArrayConverter:162 -     No conversion required, value is already a char[]
2017-04-07 13:24:18 DEBUG ArrayConverter:353 - Setting default value: [D@f09733f
2017-04-07 13:24:18 DEBUG ArrayConverter:140 - Converting 'double[]' value '[D@f09733f' to type 'double[]'
2017-04-07 13:24:18 DEBUG ArrayConverter:162 -     No conversion required, value is already a double[]
2017-04-07 13:24:18 DEBUG ArrayConverter:353 - Setting default value: [F@e350b40
2017-04-07 13:24:18 DEBUG ArrayConverter:140 - Converting 'float[]' value '[F@e350b40' to type 'float[]'
2017-04-07 13:24:18 DEBUG ArrayConverter:162 -     No conversion required, value is already a float[]
2017-04-07 13:24:18 DEBUG ArrayConverter:353 - Setting default value: [I@41a0aa7d
2017-04-07 13:24:18 DEBUG ArrayConverter:140 - Converting 'int[]' value '[I@41a0aa7d' to type 'int[]'
2017-04-07 13:24:18 DEBUG ArrayConverter:162 -     No conversion required, value is already a int[]
2017-04-07 13:24:18 DEBUG ArrayConverter:353 - Setting default value: [J@2794eab6
2017-04-07 13:24:18 DEBUG ArrayConverter:140 - Converting 'long[]' value '[J@2794eab6' to type 'long[]'
2017-04-07 13:24:18 DEBUG ArrayConverter:162 -     No conversion required, value is already a long[]
2017-04-07 13:24:18 DEBUG ArrayConverter:353 - Setting default value: [S@6340e5f0
2017-04-07 13:24:18 DEBUG ArrayConverter:140 - Converting 'short[]' value '[S@6340e5f0' to type 'short[]'
2017-04-07 13:24:18 DEBUG ArrayConverter:162 -     No conversion required, value is already a short[]
2017-04-07 13:24:18 DEBUG ArrayConverter:353 - Setting default value: [Ljava.math.BigDecimal;@45099dd3
2017-04-07 13:24:18 DEBUG ArrayConverter:140 - Converting 'BigDecimal[]' value '[Ljava.math.BigDecimal;@45099dd3' to type 'BigDecimal[]'
2017-04-07 13:24:18 DEBUG ArrayConverter:162 -     No conversion required, value is already a BigDecimal[]
2017-04-07 13:24:18 DEBUG ArrayConverter:353 - Setting default value: [Ljava.math.BigInteger;@1ffaf86
2017-04-07 13:24:18 DEBUG ArrayConverter:140 - Converting 'BigInteger[]' value '[Ljava.math.BigInteger;@1ffaf86' to type 'BigInteger[]'
2017-04-07 13:24:18 DEBUG ArrayConverter:162 -     No conversion required, value is already a BigInteger[]
2017-04-07 13:24:18 DEBUG ArrayConverter:353 - Setting default value: [Ljava.lang.Boolean;@6c1a5b54
2017-04-07 13:24:18 DEBUG ArrayConverter:140 - Converting 'Boolean[]' value '[Ljava.lang.Boolean;@6c1a5b54' to type 'Boolean[]'
2017-04-07 13:24:18 DEBUG ArrayConverter:162 -     No conversion required, value is already a Boolean[]
2017-04-07 13:24:18 DEBUG ArrayConverter:353 - Setting default value: [Ljava.lang.Byte;@60099951
2017-04-07 13:24:18 DEBUG ArrayConverter:140 - Converting 'Byte[]' value '[Ljava.lang.Byte;@60099951' to type 'Byte[]'
2017-04-07 13:24:18 DEBUG ArrayConverter:162 -     No conversion required, value is already a Byte[]
2017-04-07 13:24:18 DEBUG ArrayConverter:353 - Setting default value: [Ljava.lang.Character;@1e6a3214
2017-04-07 13:24:18 DEBUG ArrayConverter:140 - Converting 'Character[]' value '[Ljava.lang.Character;@1e6a3214' to type 'Character[]'
2017-04-07 13:24:18 DEBUG ArrayConverter:162 -     No conversion required, value is already a Character[]
2017-04-07 13:24:18 DEBUG ArrayConverter:353 - Setting default value: [Ljava.lang.Double;@1a6d8329
2017-04-07 13:24:18 DEBUG ArrayConverter:140 - Converting 'Double[]' value '[Ljava.lang.Double;@1a6d8329' to type 'Double[]'
2017-04-07 13:24:18 DEBUG ArrayConverter:162 -     No conversion required, value is already a Double[]
2017-04-07 13:24:18 DEBUG ArrayConverter:353 - Setting default value: [Ljava.lang.Float;@55a147cc
2017-04-07 13:24:18 DEBUG ArrayConverter:140 - Converting 'Float[]' value '[Ljava.lang.Float;@55a147cc' to type 'Float[]'
2017-04-07 13:24:18 DEBUG ArrayConverter:162 -     No conversion required, value is already a Float[]
2017-04-07 13:24:18 DEBUG ArrayConverter:353 - Setting default value: [Ljava.lang.Integer;@738dc9b
2017-04-07 13:24:18 DEBUG ArrayConverter:140 - Converting 'Integer[]' value '[Ljava.lang.Integer;@738dc9b' to type 'Integer[]'
2017-04-07 13:24:18 DEBUG ArrayConverter:162 -     No conversion required, value is already a Integer[]
2017-04-07 13:24:18 DEBUG ArrayConverter:353 - Setting default value: [Ljava.lang.Long;@63376bed
2017-04-07 13:24:18 DEBUG ArrayConverter:140 - Converting 'Long[]' value '[Ljava.lang.Long;@63376bed' to type 'Long[]'
2017-04-07 13:24:18 DEBUG ArrayConverter:162 -     No conversion required, value is already a Long[]
2017-04-07 13:24:18 DEBUG ArrayConverter:353 - Setting default value: [Ljava.lang.Short;@d86a6f
2017-04-07 13:24:18 DEBUG ArrayConverter:140 - Converting 'Short[]' value '[Ljava.lang.Short;@d86a6f' to type 'Short[]'
2017-04-07 13:24:18 DEBUG ArrayConverter:162 -     No conversion required, value is already a Short[]
2017-04-07 13:24:18 DEBUG ArrayConverter:353 - Setting default value: [Ljava.lang.String;@5ab956d7
2017-04-07 13:24:18 DEBUG ArrayConverter:140 - Converting 'String[]' value '[Ljava.lang.String;@5ab956d7' to type 'String[]'
2017-04-07 13:24:18 DEBUG ArrayConverter:162 -     No conversion required, value is already a String[]
2017-04-07 13:24:18 DEBUG ArrayConverter:353 - Setting default value: [Ljava.lang.Class;@3646a422
2017-04-07 13:24:18 DEBUG ArrayConverter:140 - Converting 'Class[]' value '[Ljava.lang.Class;@3646a422' to type 'Class[]'
2017-04-07 13:24:18 DEBUG ArrayConverter:162 -     No conversion required, value is already a Class[]
2017-04-07 13:24:18 DEBUG ArrayConverter:353 - Setting default value: [Ljava.util.Date;@3e27aa33
2017-04-07 13:24:18 DEBUG ArrayConverter:140 - Converting 'Date[]' value '[Ljava.util.Date;@3e27aa33' to type 'Date[]'
2017-04-07 13:24:18 DEBUG ArrayConverter:162 -     No conversion required, value is already a Date[]
2017-04-07 13:24:18 DEBUG ArrayConverter:353 - Setting default value: [Ljava.util.Calendar;@2ddc9a9f
2017-04-07 13:24:18 DEBUG ArrayConverter:140 - Converting 'Calendar[]' value '[Ljava.util.Calendar;@2ddc9a9f' to type 'Calendar[]'
2017-04-07 13:24:18 DEBUG ArrayConverter:162 -     No conversion required, value is already a Calendar[]
2017-04-07 13:24:18 DEBUG ArrayConverter:353 - Setting default value: [Ljava.io.File;@2a7f1f10
2017-04-07 13:24:18 DEBUG ArrayConverter:140 - Converting 'java.io.File[]' value '[Ljava.io.File;@2a7f1f10' to type 'java.io.File[]'
2017-04-07 13:24:18 DEBUG ArrayConverter:162 -     No conversion required, value is already a java.io.File[]
2017-04-07 13:24:18 DEBUG ArrayConverter:353 - Setting default value: [Ljava.sql.Date;@f0c8a99
2017-04-07 13:24:18 DEBUG ArrayConverter:140 - Converting 'java.sql.Date[]' value '[Ljava.sql.Date;@f0c8a99' to type 'java.sql.Date[]'
2017-04-07 13:24:18 DEBUG ArrayConverter:162 -     No conversion required, value is already a java.sql.Date[]
2017-04-07 13:24:18 DEBUG ArrayConverter:353 - Setting default value: [Ljava.sql.Time;@26d9b808
2017-04-07 13:24:18 DEBUG ArrayConverter:140 - Converting 'java.sql.Time[]' value '[Ljava.sql.Time;@26d9b808' to type 'java.sql.Time[]'
2017-04-07 13:24:18 DEBUG ArrayConverter:162 -     No conversion required, value is already a java.sql.Time[]
2017-04-07 13:24:18 DEBUG ArrayConverter:353 - Setting default value: [Ljava.sql.Timestamp;@644baf4a
2017-04-07 13:24:18 DEBUG ArrayConverter:140 - Converting 'java.sql.Timestamp[]' value '[Ljava.sql.Timestamp;@644baf4a' to type 'java.sql.Timestamp[]'
2017-04-07 13:24:18 DEBUG ArrayConverter:162 -     No conversion required, value is already a java.sql.Timestamp[]
2017-04-07 13:24:18 DEBUG ArrayConverter:353 - Setting default value: [Ljava.net.URL;@1ed4ae0f
2017-04-07 13:24:18 DEBUG ArrayConverter:140 - Converting 'java.net.URL[]' value '[Ljava.net.URL;@1ed4ae0f' to type 'java.net.URL[]'
2017-04-07 13:24:18 DEBUG ArrayConverter:162 -     No conversion required, value is already a java.net.URL[]
2017-04-07 13:24:18 DEBUG StringConverter:140 - Converting 'String' value '${app.server}' to type 'String'
2017-04-07 13:24:18 DEBUG StringConverter:140 - Converting 'String' value '${browser}' to type 'String'
2017-04-07 13:24:18 DEBUG LongConverter:140 - Converting 'String' value '20' to type 'Long'
2017-04-07 13:24:18 DEBUG LongConverter:269 -     No NumberFormat, using default conversion
2017-04-07 13:24:18 DEBUG LongConverter:171 -     Converted to Long value '20'
2017-04-07 13:24:18 DEBUG LongConverter:140 - Converting 'String' value '90' to type 'Long'
2017-04-07 13:24:18 DEBUG LongConverter:269 -     No NumberFormat, using default conversion
2017-04-07 13:24:18 DEBUG LongConverter:171 -     Converted to Long value '90'
2017-04-07 13:24:18 DEBUG LongConverter:140 - Converting 'String' value '500' to type 'Long'
2017-04-07 13:24:18 DEBUG LongConverter:269 -     No NumberFormat, using default conversion
2017-04-07 13:24:18 DEBUG LongConverter:171 -     Converted to Long value '500'
2017-04-07 13:24:18 DEBUG BooleanConverter:140 - Converting 'String' value 'false' to type 'Boolean'
2017-04-07 13:24:18 DEBUG BooleanConverter:171 -     Converted to Boolean value 'false'
2017-04-07 13:24:18 DEBUG StringConverter:140 - Converting 'String' value '${grid.hubHostName}' to type 'String'
2017-04-07 13:24:18 DEBUG StringConverter:140 - Converting 'String' value '1' to type 'String'
2017-04-07 13:50:10 DEBUG BooleanConverter:353 - Setting default value: false
2017-04-07 13:50:10 DEBUG BooleanConverter:140 - Converting 'Boolean' value 'false' to type 'Boolean'
2017-04-07 13:50:10 DEBUG BooleanConverter:162 -     No conversion required, value is already a Boolean
2017-04-07 13:50:10 DEBUG ByteConverter:353 - Setting default value: 0
2017-04-07 13:50:10 DEBUG ByteConverter:140 - Converting 'Integer' value '0' to type 'Byte'
2017-04-07 13:50:10 DEBUG ByteConverter:171 -     Converted to Byte value '0'
2017-04-07 13:50:10 DEBUG CharacterConverter:353 - Setting default value:  
2017-04-07 13:50:10 DEBUG CharacterConverter:140 - Converting 'Character' value ' ' to type 'Character'
2017-04-07 13:50:10 DEBUG CharacterConverter:162 -     No conversion required, value is already a Character
2017-04-07 13:50:10 DEBUG DoubleConverter:353 - Setting default value: 0
2017-04-07 13:50:10 DEBUG DoubleConverter:140 - Converting 'Integer' value '0' to type 'Double'
2017-04-07 13:50:10 DEBUG DoubleConverter:171 -     Converted to Double value '0.0'
2017-04-07 13:50:10 DEBUG FloatConverter:353 - Setting default value: 0
2017-04-07 13:50:10 DEBUG FloatConverter:140 - Converting 'Integer' value '0' to type 'Float'
2017-04-07 13:50:10 DEBUG FloatConverter:171 -     Converted to Float value '0.0'
2017-04-07 13:50:10 DEBUG IntegerConverter:353 - Setting default value: 0
2017-04-07 13:50:10 DEBUG IntegerConverter:140 - Converting 'Integer' value '0' to type 'Integer'
2017-04-07 13:50:10 DEBUG IntegerConverter:162 -     No conversion required, value is already a Integer
2017-04-07 13:50:10 DEBUG LongConverter:353 - Setting default value: 0
2017-04-07 13:50:10 DEBUG LongConverter:140 - Converting 'Integer' value '0' to type 'Long'
2017-04-07 13:50:10 DEBUG LongConverter:171 -     Converted to Long value '0'
2017-04-07 13:50:10 DEBUG ShortConverter:353 - Setting default value: 0
2017-04-07 13:50:10 DEBUG ShortConverter:140 - Converting 'Integer' value '0' to type 'Short'
2017-04-07 13:50:10 DEBUG ShortConverter:171 -     Converted to Short value '0'
2017-04-07 13:50:10 DEBUG BigDecimalConverter:353 - Setting default value: 0.0
2017-04-07 13:50:10 DEBUG BigDecimalConverter:140 - Converting 'BigDecimal' value '0.0' to type 'BigDecimal'
2017-04-07 13:50:10 DEBUG BigDecimalConverter:162 -     No conversion required, value is already a BigDecimal
2017-04-07 13:50:10 DEBUG BigIntegerConverter:353 - Setting default value: 0
2017-04-07 13:50:10 DEBUG BigIntegerConverter:140 - Converting 'BigInteger' value '0' to type 'BigInteger'
2017-04-07 13:50:10 DEBUG BigIntegerConverter:162 -     No conversion required, value is already a BigInteger
2017-04-07 13:50:10 DEBUG BooleanConverter:353 - Setting default value: false
2017-04-07 13:50:10 DEBUG BooleanConverter:140 - Converting 'Boolean' value 'false' to type 'Boolean'
2017-04-07 13:50:10 DEBUG BooleanConverter:162 -     No conversion required, value is already a Boolean
2017-04-07 13:50:10 DEBUG ByteConverter:353 - Setting default value: 0
2017-04-07 13:50:10 DEBUG ByteConverter:140 - Converting 'Integer' value '0' to type 'Byte'
2017-04-07 13:50:10 DEBUG ByteConverter:171 -     Converted to Byte value '0'
2017-04-07 13:50:10 DEBUG CharacterConverter:353 - Setting default value:  
2017-04-07 13:50:10 DEBUG CharacterConverter:140 - Converting 'Character' value ' ' to type 'Character'
2017-04-07 13:50:10 DEBUG CharacterConverter:162 -     No conversion required, value is already a Character
2017-04-07 13:50:10 DEBUG DoubleConverter:353 - Setting default value: 0
2017-04-07 13:50:10 DEBUG DoubleConverter:140 - Converting 'Integer' value '0' to type 'Double'
2017-04-07 13:50:10 DEBUG DoubleConverter:171 -     Converted to Double value '0.0'
2017-04-07 13:50:10 DEBUG FloatConverter:353 - Setting default value: 0
2017-04-07 13:50:10 DEBUG FloatConverter:140 - Converting 'Integer' value '0' to type 'Float'
2017-04-07 13:50:10 DEBUG FloatConverter:171 -     Converted to Float value '0.0'
2017-04-07 13:50:10 DEBUG IntegerConverter:353 - Setting default value: 0
2017-04-07 13:50:10 DEBUG IntegerConverter:140 - Converting 'Integer' value '0' to type 'Integer'
2017-04-07 13:50:10 DEBUG IntegerConverter:162 -     No conversion required, value is already a Integer
2017-04-07 13:50:10 DEBUG LongConverter:353 - Setting default value: 0
2017-04-07 13:50:10 DEBUG LongConverter:140 - Converting 'Integer' value '0' to type 'Long'
2017-04-07 13:50:10 DEBUG LongConverter:171 -     Converted to Long value '0'
2017-04-07 13:50:10 DEBUG ShortConverter:353 - Setting default value: 0
2017-04-07 13:50:10 DEBUG ShortConverter:140 - Converting 'Integer' value '0' to type 'Short'
2017-04-07 13:50:10 DEBUG ShortConverter:171 -     Converted to Short value '0'
2017-04-07 13:50:10 DEBUG StringConverter:353 - Setting default value: 
2017-04-07 13:50:10 DEBUG StringConverter:140 - Converting 'String' value '' to type 'String'
2017-04-07 13:50:10 DEBUG ArrayConverter:353 - Setting default value: [Z@791f145a
2017-04-07 13:50:10 DEBUG ArrayConverter:140 - Converting 'boolean[]' value '[Z@791f145a' to type 'boolean[]'
2017-04-07 13:50:10 DEBUG ArrayConverter:162 -     No conversion required, value is already a boolean[]
2017-04-07 13:50:10 DEBUG ArrayConverter:353 - Setting default value: [B@38cee291
2017-04-07 13:50:10 DEBUG ArrayConverter:140 - Converting 'byte[]' value '[B@38cee291' to type 'byte[]'
2017-04-07 13:50:10 DEBUG ArrayConverter:162 -     No conversion required, value is already a byte[]
2017-04-07 13:50:10 DEBUG ArrayConverter:353 - Setting default value: [C@4b45a2f5
2017-04-07 13:50:10 DEBUG ArrayConverter:140 - Converting 'char[]' value '[C@4b45a2f5' to type 'char[]'
2017-04-07 13:50:10 DEBUG ArrayConverter:162 -     No conversion required, value is already a char[]
2017-04-07 13:50:10 DEBUG ArrayConverter:353 - Setting default value: [D@f09733f
2017-04-07 13:50:10 DEBUG ArrayConverter:140 - Converting 'double[]' value '[D@f09733f' to type 'double[]'
2017-04-07 13:50:10 DEBUG ArrayConverter:162 -     No conversion required, value is already a double[]
2017-04-07 13:50:10 DEBUG ArrayConverter:353 - Setting default value: [F@e350b40
2017-04-07 13:50:10 DEBUG ArrayConverter:140 - Converting 'float[]' value '[F@e350b40' to type 'float[]'
2017-04-07 13:50:10 DEBUG ArrayConverter:162 -     No conversion required, value is already a float[]
2017-04-07 13:50:10 DEBUG ArrayConverter:353 - Setting default value: [I@41a0aa7d
2017-04-07 13:50:10 DEBUG ArrayConverter:140 - Converting 'int[]' value '[I@41a0aa7d' to type 'int[]'
2017-04-07 13:50:10 DEBUG ArrayConverter:162 -     No conversion required, value is already a int[]
2017-04-07 13:50:10 DEBUG ArrayConverter:353 - Setting default value: [J@2794eab6
2017-04-07 13:50:10 DEBUG ArrayConverter:140 - Converting 'long[]' value '[J@2794eab6' to type 'long[]'
2017-04-07 13:50:10 DEBUG ArrayConverter:162 -     No conversion required, value is already a long[]
2017-04-07 13:50:10 DEBUG ArrayConverter:353 - Setting default value: [S@6340e5f0
2017-04-07 13:50:10 DEBUG ArrayConverter:140 - Converting 'short[]' value '[S@6340e5f0' to type 'short[]'
2017-04-07 13:50:10 DEBUG ArrayConverter:162 -     No conversion required, value is already a short[]
2017-04-07 13:50:10 DEBUG ArrayConverter:353 - Setting default value: [Ljava.math.BigDecimal;@45099dd3
2017-04-07 13:50:10 DEBUG ArrayConverter:140 - Converting 'BigDecimal[]' value '[Ljava.math.BigDecimal;@45099dd3' to type 'BigDecimal[]'
2017-04-07 13:50:10 DEBUG ArrayConverter:162 -     No conversion required, value is already a BigDecimal[]
2017-04-07 13:50:10 DEBUG ArrayConverter:353 - Setting default value: [Ljava.math.BigInteger;@1ffaf86
2017-04-07 13:50:10 DEBUG ArrayConverter:140 - Converting 'BigInteger[]' value '[Ljava.math.BigInteger;@1ffaf86' to type 'BigInteger[]'
2017-04-07 13:50:10 DEBUG ArrayConverter:162 -     No conversion required, value is already a BigInteger[]
2017-04-07 13:50:10 DEBUG ArrayConverter:353 - Setting default value: [Ljava.lang.Boolean;@6c1a5b54
2017-04-07 13:50:10 DEBUG ArrayConverter:140 - Converting 'Boolean[]' value '[Ljava.lang.Boolean;@6c1a5b54' to type 'Boolean[]'
2017-04-07 13:50:10 DEBUG ArrayConverter:162 -     No conversion required, value is already a Boolean[]
2017-04-07 13:50:10 DEBUG ArrayConverter:353 - Setting default value: [Ljava.lang.Byte;@60099951
2017-04-07 13:50:10 DEBUG ArrayConverter:140 - Converting 'Byte[]' value '[Ljava.lang.Byte;@60099951' to type 'Byte[]'
2017-04-07 13:50:10 DEBUG ArrayConverter:162 -     No conversion required, value is already a Byte[]
2017-04-07 13:50:10 DEBUG ArrayConverter:353 - Setting default value: [Ljava.lang.Character;@1e6a3214
2017-04-07 13:50:10 DEBUG ArrayConverter:140 - Converting 'Character[]' value '[Ljava.lang.Character;@1e6a3214' to type 'Character[]'
2017-04-07 13:50:10 DEBUG ArrayConverter:162 -     No conversion required, value is already a Character[]
2017-04-07 13:50:10 DEBUG ArrayConverter:353 - Setting default value: [Ljava.lang.Double;@1a6d8329
2017-04-07 13:50:10 DEBUG ArrayConverter:140 - Converting 'Double[]' value '[Ljava.lang.Double;@1a6d8329' to type 'Double[]'
2017-04-07 13:50:10 DEBUG ArrayConverter:162 -     No conversion required, value is already a Double[]
2017-04-07 13:50:10 DEBUG ArrayConverter:353 - Setting default value: [Ljava.lang.Float;@55a147cc
2017-04-07 13:50:10 DEBUG ArrayConverter:140 - Converting 'Float[]' value '[Ljava.lang.Float;@55a147cc' to type 'Float[]'
2017-04-07 13:50:10 DEBUG ArrayConverter:162 -     No conversion required, value is already a Float[]
2017-04-07 13:50:10 DEBUG ArrayConverter:353 - Setting default value: [Ljava.lang.Integer;@738dc9b
2017-04-07 13:50:10 DEBUG ArrayConverter:140 - Converting 'Integer[]' value '[Ljava.lang.Integer;@738dc9b' to type 'Integer[]'
2017-04-07 13:50:10 DEBUG ArrayConverter:162 -     No conversion required, value is already a Integer[]
2017-04-07 13:50:10 DEBUG ArrayConverter:353 - Setting default value: [Ljava.lang.Long;@63376bed
2017-04-07 13:50:10 DEBUG ArrayConverter:140 - Converting 'Long[]' value '[Ljava.lang.Long;@63376bed' to type 'Long[]'
2017-04-07 13:50:10 DEBUG ArrayConverter:162 -     No conversion required, value is already a Long[]
2017-04-07 13:50:10 DEBUG ArrayConverter:353 - Setting default value: [Ljava.lang.Short;@d86a6f
2017-04-07 13:50:10 DEBUG ArrayConverter:140 - Converting 'Short[]' value '[Ljava.lang.Short;@d86a6f' to type 'Short[]'
2017-04-07 13:50:10 DEBUG ArrayConverter:162 -     No conversion required, value is already a Short[]
2017-04-07 13:50:10 DEBUG ArrayConverter:353 - Setting default value: [Ljava.lang.String;@5ab956d7
2017-04-07 13:50:10 DEBUG ArrayConverter:140 - Converting 'String[]' value '[Ljava.lang.String;@5ab956d7' to type 'String[]'
2017-04-07 13:50:10 DEBUG ArrayConverter:162 -     No conversion required, value is already a String[]
2017-04-07 13:50:10 DEBUG ArrayConverter:353 - Setting default value: [Ljava.lang.Class;@3646a422
2017-04-07 13:50:10 DEBUG ArrayConverter:140 - Converting 'Class[]' value '[Ljava.lang.Class;@3646a422' to type 'Class[]'
2017-04-07 13:50:10 DEBUG ArrayConverter:162 -     No conversion required, value is already a Class[]
2017-04-07 13:50:10 DEBUG ArrayConverter:353 - Setting default value: [Ljava.util.Date;@3e27aa33
2017-04-07 13:50:10 DEBUG ArrayConverter:140 - Converting 'Date[]' value '[Ljava.util.Date;@3e27aa33' to type 'Date[]'
2017-04-07 13:50:10 DEBUG ArrayConverter:162 -     No conversion required, value is already a Date[]
2017-04-07 13:50:10 DEBUG ArrayConverter:353 - Setting default value: [Ljava.util.Calendar;@2ddc9a9f
2017-04-07 13:50:10 DEBUG ArrayConverter:140 - Converting 'Calendar[]' value '[Ljava.util.Calendar;@2ddc9a9f' to type 'Calendar[]'
2017-04-07 13:50:10 DEBUG ArrayConverter:162 -     No conversion required, value is already a Calendar[]
2017-04-07 13:50:10 DEBUG ArrayConverter:353 - Setting default value: [Ljava.io.File;@2a7f1f10
2017-04-07 13:50:10 DEBUG ArrayConverter:140 - Converting 'java.io.File[]' value '[Ljava.io.File;@2a7f1f10' to type 'java.io.File[]'
2017-04-07 13:50:10 DEBUG ArrayConverter:162 -     No conversion required, value is already a java.io.File[]
2017-04-07 13:50:10 DEBUG ArrayConverter:353 - Setting default value: [Ljava.sql.Date;@f0c8a99
2017-04-07 13:50:10 DEBUG ArrayConverter:140 - Converting 'java.sql.Date[]' value '[Ljava.sql.Date;@f0c8a99' to type 'java.sql.Date[]'
2017-04-07 13:50:10 DEBUG ArrayConverter:162 -     No conversion required, value is already a java.sql.Date[]
2017-04-07 13:50:10 DEBUG ArrayConverter:353 - Setting default value: [Ljava.sql.Time;@26d9b808
2017-04-07 13:50:10 DEBUG ArrayConverter:140 - Converting 'java.sql.Time[]' value '[Ljava.sql.Time;@26d9b808' to type 'java.sql.Time[]'
2017-04-07 13:50:10 DEBUG ArrayConverter:162 -     No conversion required, value is already a java.sql.Time[]
2017-04-07 13:50:10 DEBUG ArrayConverter:353 - Setting default value: [Ljava.sql.Timestamp;@644baf4a
2017-04-07 13:50:10 DEBUG ArrayConverter:140 - Converting 'java.sql.Timestamp[]' value '[Ljava.sql.Timestamp;@644baf4a' to type 'java.sql.Timestamp[]'
2017-04-07 13:50:10 DEBUG ArrayConverter:162 -     No conversion required, value is already a java.sql.Timestamp[]
2017-04-07 13:50:10 DEBUG ArrayConverter:353 - Setting default value: [Ljava.net.URL;@1ed4ae0f
2017-04-07 13:50:10 DEBUG ArrayConverter:140 - Converting 'java.net.URL[]' value '[Ljava.net.URL;@1ed4ae0f' to type 'java.net.URL[]'
2017-04-07 13:50:10 DEBUG ArrayConverter:162 -     No conversion required, value is already a java.net.URL[]
2017-04-07 13:50:10 DEBUG StringConverter:140 - Converting 'String' value '${app.server}' to type 'String'
2017-04-07 13:50:10 DEBUG StringConverter:140 - Converting 'String' value '${browser}' to type 'String'
2017-04-07 13:50:10 DEBUG LongConverter:140 - Converting 'String' value '20' to type 'Long'
2017-04-07 13:50:10 DEBUG LongConverter:269 -     No NumberFormat, using default conversion
2017-04-07 13:50:10 DEBUG LongConverter:171 -     Converted to Long value '20'
2017-04-07 13:50:10 DEBUG LongConverter:140 - Converting 'String' value '90' to type 'Long'
2017-04-07 13:50:10 DEBUG LongConverter:269 -     No NumberFormat, using default conversion
2017-04-07 13:50:10 DEBUG LongConverter:171 -     Converted to Long value '90'
2017-04-07 13:50:10 DEBUG LongConverter:140 - Converting 'String' value '500' to type 'Long'
2017-04-07 13:50:10 DEBUG LongConverter:269 -     No NumberFormat, using default conversion
2017-04-07 13:50:10 DEBUG LongConverter:171 -     Converted to Long value '500'
2017-04-07 13:50:10 DEBUG BooleanConverter:140 - Converting 'String' value 'false' to type 'Boolean'
2017-04-07 13:50:10 DEBUG BooleanConverter:171 -     Converted to Boolean value 'false'
2017-04-07 13:50:10 DEBUG StringConverter:140 - Converting 'String' value '${grid.hubHostName}' to type 'String'
2017-04-07 13:50:10 DEBUG StringConverter:140 - Converting 'String' value '1' to type 'String'
2017-04-07 13:50:11 DEBUG RequestAddCookies:122 - CookieSpec selected: default
2017-04-07 13:50:11 DEBUG RequestAuthCache:76 - Auth cache not set in the context
2017-04-07 13:50:11 DEBUG PoolingHttpClientConnectionManager:249 - Connection request: [route: {}->http://localhost:6505][total kept alive: 0; route allocated: 0 of 2000; total allocated: 0 of 2000]
2017-04-07 13:50:11 DEBUG PoolingHttpClientConnectionManager:282 - Connection leased: [id: 0][route: {}->http://localhost:6505][total kept alive: 0; route allocated: 1 of 2000; total allocated: 1 of 2000]
2017-04-07 13:50:11 DEBUG MainClientExec:234 - Opening connection {}->http://localhost:6505
2017-04-07 13:50:11 DEBUG DefaultHttpClientConnectionOperator:138 - Connecting to localhost/127.0.0.1:6505
2017-04-07 13:50:11 DEBUG DefaultHttpClientConnectionOperator:145 - Connection established 127.0.0.1:64961<->127.0.0.1:6505
2017-04-07 13:50:11 DEBUG DefaultManagedHttpClientConnection:90 - http-outgoing-0: set socket timeout to 10800000
2017-04-07 13:50:11 DEBUG MainClientExec:255 - Executing request POST /session HTTP/1.1
2017-04-07 13:50:11 DEBUG MainClientExec:260 - Target auth state: UNCHALLENGED
2017-04-07 13:50:11 DEBUG MainClientExec:266 - Proxy auth state: UNCHALLENGED
2017-04-07 13:50:11 DEBUG headers:135 - http-outgoing-0 >> POST /session HTTP/1.1
2017-04-07 13:50:11 DEBUG headers:138 - http-outgoing-0 >> Content-Type: application/json; charset=utf-8
2017-04-07 13:50:11 DEBUG headers:138 - http-outgoing-0 >> Content-Length: 1478
2017-04-07 13:50:11 DEBUG headers:138 - http-outgoing-0 >> Host: localhost:6505
2017-04-07 13:50:11 DEBUG headers:138 - http-outgoing-0 >> Connection: Keep-Alive
2017-04-07 13:50:11 DEBUG headers:138 - http-outgoing-0 >> User-Agent: Apache-HttpClient/4.5.2 (Java/1.8.0_101)
2017-04-07 13:50:11 DEBUG headers:138 - http-outgoing-0 >> Accept-Encoding: gzip,deflate
2017-04-07 13:50:11 DEBUG wire:72 - http-outgoing-0 >> "POST /session HTTP/1.1[\r][\n]"
2017-04-07 13:50:11 DEBUG wire:72 - http-outgoing-0 >> "Content-Type: application/json; charset=utf-8[\r][\n]"
2017-04-07 13:50:11 DEBUG wire:72 - http-outgoing-0 >> "Content-Length: 1478[\r][\n]"
2017-04-07 13:50:11 DEBUG wire:72 - http-outgoing-0 >> "Host: localhost:6505[\r][\n]"
2017-04-07 13:50:11 DEBUG wire:72 - http-outgoing-0 >> "Connection: Keep-Alive[\r][\n]"
2017-04-07 13:50:11 DEBUG wire:72 - http-outgoing-0 >> "User-Agent: Apache-HttpClient/4.5.2 (Java/1.8.0_101)[\r][\n]"
2017-04-07 13:50:11 DEBUG wire:72 - http-outgoing-0 >> "Accept-Encoding: gzip,deflate[\r][\n]"
2017-04-07 13:50:11 DEBUG wire:72 - http-outgoing-0 >> "[\r][\n]"
2017-04-07 13:50:11 DEBUG wire:72 - http-outgoing-0 >> "{[\n]"
2017-04-07 13:50:11 DEBUG wire:72 - http-outgoing-0 >> "  "desiredCapabilities": {[\n]"
2017-04-07 13:50:11 DEBUG wire:72 - http-outgoing-0 >> "    "browserName": "chrome",[\n]"
2017-04-07 13:50:11 DEBUG wire:72 - http-outgoing-0 >> "    "chromeOptions": {[\n]"
2017-04-07 13:50:11 DEBUG wire:72 - http-outgoing-0 >> "      "args": [[\n]"
2017-04-07 13:50:11 DEBUG wire:72 - http-outgoing-0 >> "        "--disable-extensions",[\n]"
2017-04-07 13:50:11 DEBUG wire:72 - http-outgoing-0 >> "        "disable-infobars"[\n]"
2017-04-07 13:50:11 DEBUG wire:72 - http-outgoing-0 >> "      ],[\n]"
2017-04-07 13:50:11 DEBUG wire:72 - http-outgoing-0 >> "      "extensions": [],[\n]"
2017-04-07 13:50:11 DEBUG wire:72 - http-outgoing-0 >> "      "excludeSwitches": [[\n]"
2017-04-07 13:50:11 DEBUG wire:72 - http-outgoing-0 >> "        "ignore-certificate-errors"[\n]"
2017-04-07 13:50:11 DEBUG wire:72 - http-outgoing-0 >> "      ],[\n]"
2017-04-07 13:50:11 DEBUG wire:72 - http-outgoing-0 >> "      "prefs": {[\n]"
2017-04-07 13:50:11 DEBUG wire:72 - http-outgoing-0 >> "        "credentials_enable_service": false,[\n]"
2017-04-07 13:50:11 DEBUG wire:72 - http-outgoing-0 >> "        "profile.password_manager_enabled": false[\n]"
2017-04-07 13:50:11 DEBUG wire:72 - http-outgoing-0 >> "      }[\n]"
2017-04-07 13:50:11 DEBUG wire:72 - http-outgoing-0 >> "    },[\n]"
2017-04-07 13:50:11 DEBUG wire:72 - http-outgoing-0 >> "    "version": "",[\n]"
2017-04-07 13:50:11 DEBUG wire:72 - http-outgoing-0 >> "    "platform": "ANY"[\n]"
2017-04-07 13:50:11 DEBUG wire:72 - http-outgoing-0 >> "  },[\n]"
2017-04-07 13:50:11 DEBUG wire:72 - http-outgoing-0 >> "  "requiredCapabilities": {},[\n]"
2017-04-07 13:50:11 DEBUG wire:72 - http-outgoing-0 >> "  "capabilities": {[\n]"
2017-04-07 13:50:11 DEBUG wire:72 - http-outgoing-0 >> "    "desiredCapabilities": {[\n]"
2017-04-07 13:50:11 DEBUG wire:72 - http-outgoing-0 >> "      "browserName": "chrome",[\n]"
2017-04-07 13:50:11 DEBUG wire:72 - http-outgoing-0 >> "      "chromeOptions": {[\n]"
2017-04-07 13:50:11 DEBUG wire:72 - http-outgoing-0 >> "        "args": [[\n]"
2017-04-07 13:50:11 DEBUG wire:72 - http-outgoing-0 >> "          "--disable-extensions",[\n]"
2017-04-07 13:50:11 DEBUG wire:72 - http-outgoing-0 >> "          "disable-infobars"[\n]"
2017-04-07 13:50:11 DEBUG wire:72 - http-outgoing-0 >> "        ],[\n]"
2017-04-07 13:50:11 DEBUG wire:72 - http-outgoing-0 >> "        "extensions": [],[\n]"
2017-04-07 13:50:11 DEBUG wire:72 - http-outgoing-0 >> "        "excludeSwitches": [[\n]"
2017-04-07 13:50:11 DEBUG wire:72 - http-outgoing-0 >> "          "ignore-certificate-errors"[\n]"
2017-04-07 13:50:11 DEBUG wire:72 - http-outgoing-0 >> "        ],[\n]"
2017-04-07 13:50:11 DEBUG wire:72 - http-outgoing-0 >> "        "prefs": {[\n]"
2017-04-07 13:50:11 DEBUG wire:72 - http-outgoing-0 >> "          "credentials_enable_service": false,[\n]"
2017-04-07 13:50:11 DEBUG wire:72 - http-outgoing-0 >> "          "profile.password_manager_enabled": false[\n]"
2017-04-07 13:50:11 DEBUG wire:72 - http-outgoing-0 >> "        }[\n]"
2017-04-07 13:50:11 DEBUG wire:72 - http-outgoing-0 >> "      },[\n]"
2017-04-07 13:50:11 DEBUG wire:72 - http-outgoing-0 >> "      "version": "",[\n]"
2017-04-07 13:50:11 DEBUG wire:72 - http-outgoing-0 >> "      "platform": "ANY"[\n]"
2017-04-07 13:50:11 DEBUG wire:72 - http-outgoing-0 >> "    },[\n]"
2017-04-07 13:50:11 DEBUG wire:72 - http-outgoing-0 >> "    "requiredCapabilities": {}[\n]"
2017-04-07 13:50:11 DEBUG wire:72 - http-outgoing-0 >> "  },[\n]"
2017-04-07 13:50:11 DEBUG wire:72 - http-outgoing-0 >> "  "alwaysMatch": {[\n]"
2017-04-07 13:50:11 DEBUG wire:72 - http-outgoing-0 >> "    "version": "",[\n]"
2017-04-07 13:50:11 DEBUG wire:72 - http-outgoing-0 >> "    "platform": "ANY"[\n]"
2017-04-07 13:50:11 DEBUG wire:72 - http-outgoing-0 >> "  },[\n]"
2017-04-07 13:50:11 DEBUG wire:72 - http-outgoing-0 >> "  "firstMatch": [[\n]"
2017-04-07 13:50:11 DEBUG wire:72 - http-outgoing-0 >> "    {[\n]"
2017-04-07 13:50:11 DEBUG wire:72 - http-outgoing-0 >> "      "browserName": "chrome",[\n]"
2017-04-07 13:50:11 DEBUG wire:72 - http-outgoing-0 >> "      "chromeOptions": {[\n]"
2017-04-07 13:50:11 DEBUG wire:72 - http-outgoing-0 >> "        "args": [[\n]"
2017-04-07 13:50:11 DEBUG wire:72 - http-outgoing-0 >> "          "--disable-extensions",[\n]"
2017-04-07 13:50:11 DEBUG wire:72 - http-outgoing-0 >> "          "disable-infobars"[\n]"
2017-04-07 13:50:11 DEBUG wire:72 - http-outgoing-0 >> "        ],[\n]"
2017-04-07 13:50:11 DEBUG wire:72 - http-outgoing-0 >> "        "extensions": [],[\n]"
2017-04-07 13:50:11 DEBUG wire:72 - http-outgoing-0 >> "        "excludeSwitches": [[\n]"
2017-04-07 13:50:11 DEBUG wire:72 - http-outgoing-0 >> "          "ignore-certificate-errors"[\n]"
2017-04-07 13:50:11 DEBUG wire:72 - http-outgoing-0 >> "        ],[\n]"
2017-04-07 13:50:11 DEBUG wire:72 - http-outgoing-0 >> "        "prefs": {[\n]"
2017-04-07 13:50:11 DEBUG wire:72 - http-outgoing-0 >> "          "credentials_enable_service": false,[\n]"
2017-04-07 13:50:11 DEBUG wire:72 - http-outgoing-0 >> "          "profile.password_manager_enabled": false[\n]"
2017-04-07 13:50:11 DEBUG wire:72 - http-outgoing-0 >> "        }[\n]"
2017-04-07 13:50:11 DEBUG wire:72 - http-outgoing-0 >> "      }[\n]"
2017-04-07 13:50:11 DEBUG wire:72 - http-outgoing-0 >> "    }[\n]"
2017-04-07 13:50:11 DEBUG wire:72 - http-outgoing-0 >> "  ][\n]"
2017-04-07 13:50:11 DEBUG wire:86 - http-outgoing-0 >> "}"
2017-04-07 13:50:12 DEBUG wire:72 - http-outgoing-0 << "HTTP/1.1 200 OK[\r][\n]"
2017-04-07 13:50:12 DEBUG wire:72 - http-outgoing-0 << "Content-Length:783[\r][\n]"
2017-04-07 13:50:12 DEBUG wire:72 - http-outgoing-0 << "Content-Type:application/json; charset=utf-8[\r][\n]"
2017-04-07 13:50:12 DEBUG wire:72 - http-outgoing-0 << "Connection:close[\r][\n]"
2017-04-07 13:50:12 DEBUG wire:72 - http-outgoing-0 << "[\r][\n]"
2017-04-07 13:50:12 DEBUG wire:86 - http-outgoing-0 << "{"sessionId":"42bbb2bdd9d46c66b9eab446629c2b0b","status":0,"value":{"acceptSslCerts":true,"applicationCacheEnabled":false,"browserConnectionEnabled":false,"browserName":"chrome","chrome":{"chromedriverVersion":"2.28.455520 (cc17746adff54984afff480136733114c6b3704b)","userDataDir":"C:\\Users\\PAVEL_~1\\AppData\\Local\\Temp\\scoped_dir84432_22112"},"cssSelectorsEnabled":true,"databaseEnabled":false,"handlesAlerts":true,"hasTouchScreen":false,"javascriptEnabled":true,"locationContextEnabled":true,"mobileEmulationEnabled":false,"nativeEvents":true,"networkConnectionEnabled":false,"pageLoadStrategy":"normal","platform":"Windows NT","rotatable":false,"takesHeapSnapshot":true,"takesScreenshot":true,"unexpectedAlertBehaviour":"","version":"57.0.2987.133","webStorageEnabled":true}}"
2017-04-07 13:50:12 DEBUG headers:124 - http-outgoing-0 << HTTP/1.1 200 OK
2017-04-07 13:50:12 DEBUG headers:127 - http-outgoing-0 << Content-Length:783
2017-04-07 13:50:12 DEBUG headers:127 - http-outgoing-0 << Content-Type:application/json; charset=utf-8
2017-04-07 13:50:12 DEBUG headers:127 - http-outgoing-0 << Connection:close
2017-04-07 13:50:12 DEBUG DefaultManagedHttpClientConnection:81 - http-outgoing-0: Close connection
2017-04-07 13:50:12 DEBUG MainClientExec:103 - Connection discarded
2017-04-07 13:50:12 DEBUG PoolingHttpClientConnectionManager:320 - Connection released: [id: 0][route: {}->http://localhost:6505][total kept alive: 0; route allocated: 0 of 2000; total allocated: 0 of 2000]
2017-04-07 13:50:12 DEBUG RequestAddCookies:122 - CookieSpec selected: default
2017-04-07 13:50:12 DEBUG RequestAuthCache:76 - Auth cache not set in the context
2017-04-07 13:50:12 DEBUG PoolingHttpClientConnectionManager:249 - Connection request: [route: {}->http://localhost:6505][total kept alive: 0; route allocated: 0 of 2000; total allocated: 0 of 2000]
2017-04-07 13:50:12 DEBUG PoolingHttpClientConnectionManager:282 - Connection leased: [id: 1][route: {}->http://localhost:6505][total kept alive: 0; route allocated: 1 of 2000; total allocated: 1 of 2000]
2017-04-07 13:50:12 DEBUG MainClientExec:234 - Opening connection {}->http://localhost:6505
2017-04-07 13:50:12 DEBUG DefaultHttpClientConnectionOperator:138 - Connecting to localhost/127.0.0.1:6505
2017-04-07 13:50:12 DEBUG DefaultHttpClientConnectionOperator:145 - Connection established 127.0.0.1:64993<->127.0.0.1:6505
2017-04-07 13:50:12 DEBUG DefaultManagedHttpClientConnection:90 - http-outgoing-1: set socket timeout to 10800000
2017-04-07 13:50:12 DEBUG MainClientExec:255 - Executing request POST /session/42bbb2bdd9d46c66b9eab446629c2b0b/window/current/maximize HTTP/1.1
2017-04-07 13:50:12 DEBUG MainClientExec:260 - Target auth state: UNCHALLENGED
2017-04-07 13:50:12 DEBUG MainClientExec:266 - Proxy auth state: UNCHALLENGED
2017-04-07 13:50:12 DEBUG headers:135 - http-outgoing-1 >> POST /session/42bbb2bdd9d46c66b9eab446629c2b0b/window/current/maximize HTTP/1.1
2017-04-07 13:50:12 DEBUG headers:138 - http-outgoing-1 >> Content-Type: application/json; charset=utf-8
2017-04-07 13:50:12 DEBUG headers:138 - http-outgoing-1 >> Content-Length: 45
2017-04-07 13:50:12 DEBUG headers:138 - http-outgoing-1 >> Host: localhost:6505
2017-04-07 13:50:12 DEBUG headers:138 - http-outgoing-1 >> Connection: Keep-Alive
2017-04-07 13:50:12 DEBUG headers:138 - http-outgoing-1 >> User-Agent: Apache-HttpClient/4.5.2 (Java/1.8.0_101)
2017-04-07 13:50:12 DEBUG headers:138 - http-outgoing-1 >> Accept-Encoding: gzip,deflate
2017-04-07 13:50:12 DEBUG wire:72 - http-outgoing-1 >> "POST /session/42bbb2bdd9d46c66b9eab446629c2b0b/window/current/maximize HTTP/1.1[\r][\n]"
2017-04-07 13:50:12 DEBUG wire:72 - http-outgoing-1 >> "Content-Type: application/json; charset=utf-8[\r][\n]"
2017-04-07 13:50:12 DEBUG wire:72 - http-outgoing-1 >> "Content-Length: 45[\r][\n]"
2017-04-07 13:50:12 DEBUG wire:72 - http-outgoing-1 >> "Host: localhost:6505[\r][\n]"
2017-04-07 13:50:12 DEBUG wire:72 - http-outgoing-1 >> "Connection: Keep-Alive[\r][\n]"
2017-04-07 13:50:12 DEBUG wire:72 - http-outgoing-1 >> "User-Agent: Apache-HttpClient/4.5.2 (Java/1.8.0_101)[\r][\n]"
2017-04-07 13:50:12 DEBUG wire:72 - http-outgoing-1 >> "Accept-Encoding: gzip,deflate[\r][\n]"
2017-04-07 13:50:12 DEBUG wire:72 - http-outgoing-1 >> "[\r][\n]"
2017-04-07 13:50:12 DEBUG wire:86 - http-outgoing-1 >> "{"windowHandle":"current","handle":"current"}"
2017-04-07 13:50:13 DEBUG wire:72 - http-outgoing-1 << "HTTP/1.1 200 OK[\r][\n]"
2017-04-07 13:50:13 DEBUG wire:72 - http-outgoing-1 << "Content-Length:72[\r][\n]"
2017-04-07 13:50:13 DEBUG wire:72 - http-outgoing-1 << "Content-Type:application/json; charset=utf-8[\r][\n]"
2017-04-07 13:50:13 DEBUG wire:72 - http-outgoing-1 << "Connection:close[\r][\n]"
2017-04-07 13:50:13 DEBUG wire:72 - http-outgoing-1 << "[\r][\n]"
2017-04-07 13:50:13 DEBUG wire:86 - http-outgoing-1 << "{"sessionId":"42bbb2bdd9d46c66b9eab446629c2b0b","status":0,"value":null}"
2017-04-07 13:50:13 DEBUG headers:124 - http-outgoing-1 << HTTP/1.1 200 OK
2017-04-07 13:50:13 DEBUG headers:127 - http-outgoing-1 << Content-Length:72
2017-04-07 13:50:13 DEBUG headers:127 - http-outgoing-1 << Content-Type:application/json; charset=utf-8
2017-04-07 13:50:13 DEBUG headers:127 - http-outgoing-1 << Connection:close
2017-04-07 13:50:13 DEBUG DefaultManagedHttpClientConnection:81 - http-outgoing-1: Close connection
2017-04-07 13:50:13 DEBUG MainClientExec:103 - Connection discarded
2017-04-07 13:50:13 DEBUG PoolingHttpClientConnectionManager:320 - Connection released: [id: 1][route: {}->http://localhost:6505][total kept alive: 0; route allocated: 0 of 2000; total allocated: 0 of 2000]
2017-04-07 13:50:13 DEBUG RequestAddCookies:122 - CookieSpec selected: default
2017-04-07 13:50:13 DEBUG RequestAuthCache:76 - Auth cache not set in the context
2017-04-07 13:50:13 DEBUG PoolingHttpClientConnectionManager:249 - Connection request: [route: {}->http://localhost:6505][total kept alive: 0; route allocated: 0 of 2000; total allocated: 0 of 2000]
2017-04-07 13:50:13 DEBUG PoolingHttpClientConnectionManager:282 - Connection leased: [id: 2][route: {}->http://localhost:6505][total kept alive: 0; route allocated: 1 of 2000; total allocated: 1 of 2000]
2017-04-07 13:50:13 DEBUG MainClientExec:234 - Opening connection {}->http://localhost:6505
2017-04-07 13:50:13 DEBUG DefaultHttpClientConnectionOperator:138 - Connecting to localhost/127.0.0.1:6505
2017-04-07 13:50:13 DEBUG DefaultHttpClientConnectionOperator:145 - Connection established 127.0.0.1:65003<->127.0.0.1:6505
2017-04-07 13:50:13 DEBUG DefaultManagedHttpClientConnection:90 - http-outgoing-2: set socket timeout to 10800000
2017-04-07 13:50:13 DEBUG MainClientExec:255 - Executing request POST /session/42bbb2bdd9d46c66b9eab446629c2b0b/url HTTP/1.1
2017-04-07 13:50:13 DEBUG MainClientExec:260 - Target auth state: UNCHALLENGED
2017-04-07 13:50:13 DEBUG MainClientExec:266 - Proxy auth state: UNCHALLENGED
2017-04-07 13:50:13 DEBUG headers:135 - http-outgoing-2 >> POST /session/42bbb2bdd9d46c66b9eab446629c2b0b/url HTTP/1.1
2017-04-07 13:50:13 DEBUG headers:138 - http-outgoing-2 >> Content-Type: application/json; charset=utf-8
2017-04-07 13:50:13 DEBUG headers:138 - http-outgoing-2 >> Content-Length: 27
2017-04-07 13:50:13 DEBUG headers:138 - http-outgoing-2 >> Host: localhost:6505
2017-04-07 13:50:13 DEBUG headers:138 - http-outgoing-2 >> Connection: Keep-Alive
2017-04-07 13:50:13 DEBUG headers:138 - http-outgoing-2 >> User-Agent: Apache-HttpClient/4.5.2 (Java/1.8.0_101)
2017-04-07 13:50:13 DEBUG headers:138 - http-outgoing-2 >> Accept-Encoding: gzip,deflate
2017-04-07 13:50:13 DEBUG wire:72 - http-outgoing-2 >> "POST /session/42bbb2bdd9d46c66b9eab446629c2b0b/url HTTP/1.1[\r][\n]"
2017-04-07 13:50:13 DEBUG wire:72 - http-outgoing-2 >> "Content-Type: application/json; charset=utf-8[\r][\n]"
2017-04-07 13:50:13 DEBUG wire:72 - http-outgoing-2 >> "Content-Length: 27[\r][\n]"
2017-04-07 13:50:13 DEBUG wire:72 - http-outgoing-2 >> "Host: localhost:6505[\r][\n]"
2017-04-07 13:50:13 DEBUG wire:72 - http-outgoing-2 >> "Connection: Keep-Alive[\r][\n]"
2017-04-07 13:50:13 DEBUG wire:72 - http-outgoing-2 >> "User-Agent: Apache-HttpClient/4.5.2 (Java/1.8.0_101)[\r][\n]"
2017-04-07 13:50:13 DEBUG wire:72 - http-outgoing-2 >> "Accept-Encoding: gzip,deflate[\r][\n]"
2017-04-07 13:50:13 DEBUG wire:72 - http-outgoing-2 >> "[\r][\n]"
2017-04-07 13:50:13 DEBUG wire:86 - http-outgoing-2 >> "{"url":"https://yandex.ru"}"
2017-04-07 13:50:18 DEBUG wire:72 - http-outgoing-2 << "HTTP/1.1 200 OK[\r][\n]"
2017-04-07 13:50:18 DEBUG wire:72 - http-outgoing-2 << "Content-Length:72[\r][\n]"
2017-04-07 13:50:18 DEBUG wire:72 - http-outgoing-2 << "Content-Type:application/json; charset=utf-8[\r][\n]"
2017-04-07 13:50:18 DEBUG wire:72 - http-outgoing-2 << "Connection:close[\r][\n]"
2017-04-07 13:50:18 DEBUG wire:72 - http-outgoing-2 << "[\r][\n]"
2017-04-07 13:50:18 DEBUG wire:86 - http-outgoing-2 << "{"sessionId":"42bbb2bdd9d46c66b9eab446629c2b0b","status":0,"value":null}"
2017-04-07 13:50:18 DEBUG headers:124 - http-outgoing-2 << HTTP/1.1 200 OK
2017-04-07 13:50:18 DEBUG headers:127 - http-outgoing-2 << Content-Length:72
2017-04-07 13:50:18 DEBUG headers:127 - http-outgoing-2 << Content-Type:application/json; charset=utf-8
2017-04-07 13:50:18 DEBUG headers:127 - http-outgoing-2 << Connection:close
2017-04-07 13:50:18 DEBUG DefaultManagedHttpClientConnection:81 - http-outgoing-2: Close connection
2017-04-07 13:50:18 DEBUG MainClientExec:103 - Connection discarded
2017-04-07 13:50:18 DEBUG PoolingHttpClientConnectionManager:320 - Connection released: [id: 2][route: {}->http://localhost:6505][total kept alive: 0; route allocated: 0 of 2000; total allocated: 0 of 2000]
2017-04-07 13:50:22 DEBUG RequestAddCookies:122 - CookieSpec selected: default
2017-04-07 13:50:22 DEBUG RequestAuthCache:76 - Auth cache not set in the context
2017-04-07 13:50:22 DEBUG PoolingHttpClientConnectionManager:249 - Connection request: [route: {}->http://localhost:6505][total kept alive: 0; route allocated: 0 of 2000; total allocated: 0 of 2000]
2017-04-07 13:50:22 DEBUG PoolingHttpClientConnectionManager:282 - Connection leased: [id: 3][route: {}->http://localhost:6505][total kept alive: 0; route allocated: 1 of 2000; total allocated: 1 of 2000]
2017-04-07 13:50:22 DEBUG MainClientExec:234 - Opening connection {}->http://localhost:6505
2017-04-07 13:50:22 DEBUG DefaultHttpClientConnectionOperator:138 - Connecting to localhost/127.0.0.1:6505
2017-04-07 13:50:22 DEBUG DefaultHttpClientConnectionOperator:145 - Connection established 127.0.0.1:65220<->127.0.0.1:6505
2017-04-07 13:50:22 DEBUG DefaultManagedHttpClientConnection:90 - http-outgoing-3: set socket timeout to 10800000
2017-04-07 13:50:22 DEBUG MainClientExec:255 - Executing request DELETE /session/42bbb2bdd9d46c66b9eab446629c2b0b HTTP/1.1
2017-04-07 13:50:22 DEBUG MainClientExec:260 - Target auth state: UNCHALLENGED
2017-04-07 13:50:22 DEBUG MainClientExec:266 - Proxy auth state: UNCHALLENGED
2017-04-07 13:50:22 DEBUG headers:135 - http-outgoing-3 >> DELETE /session/42bbb2bdd9d46c66b9eab446629c2b0b HTTP/1.1
2017-04-07 13:50:22 DEBUG headers:138 - http-outgoing-3 >> Host: localhost:6505
2017-04-07 13:50:22 DEBUG headers:138 - http-outgoing-3 >> Connection: Keep-Alive
2017-04-07 13:50:22 DEBUG headers:138 - http-outgoing-3 >> User-Agent: Apache-HttpClient/4.5.2 (Java/1.8.0_101)
2017-04-07 13:50:22 DEBUG headers:138 - http-outgoing-3 >> Accept-Encoding: gzip,deflate
2017-04-07 13:50:22 DEBUG wire:72 - http-outgoing-3 >> "DELETE /session/42bbb2bdd9d46c66b9eab446629c2b0b HTTP/1.1[\r][\n]"
2017-04-07 13:50:22 DEBUG wire:72 - http-outgoing-3 >> "Host: localhost:6505[\r][\n]"
2017-04-07 13:50:22 DEBUG wire:72 - http-outgoing-3 >> "Connection: Keep-Alive[\r][\n]"
2017-04-07 13:50:22 DEBUG wire:72 - http-outgoing-3 >> "User-Agent: Apache-HttpClient/4.5.2 (Java/1.8.0_101)[\r][\n]"
2017-04-07 13:50:22 DEBUG wire:72 - http-outgoing-3 >> "Accept-Encoding: gzip,deflate[\r][\n]"
2017-04-07 13:50:22 DEBUG wire:72 - http-outgoing-3 >> "[\r][\n]"
2017-04-07 13:50:22 DEBUG wire:72 - http-outgoing-3 << "HTTP/1.1 200 OK[\r][\n]"
2017-04-07 13:50:22 DEBUG wire:72 - http-outgoing-3 << "Content-Length:72[\r][\n]"
2017-04-07 13:50:22 DEBUG wire:72 - http-outgoing-3 << "Content-Type:application/json; charset=utf-8[\r][\n]"
2017-04-07 13:50:22 DEBUG wire:72 - http-outgoing-3 << "Connection:close[\r][\n]"
2017-04-07 13:50:22 DEBUG wire:72 - http-outgoing-3 << "[\r][\n]"
2017-04-07 13:50:22 DEBUG wire:86 - http-outgoing-3 << "{"sessionId":"42bbb2bdd9d46c66b9eab446629c2b0b","status":0,"value":null}"
2017-04-07 13:50:22 DEBUG headers:124 - http-outgoing-3 << HTTP/1.1 200 OK
2017-04-07 13:50:22 DEBUG headers:127 - http-outgoing-3 << Content-Length:72
2017-04-07 13:50:22 DEBUG headers:127 - http-outgoing-3 << Content-Type:application/json; charset=utf-8
2017-04-07 13:50:22 DEBUG headers:127 - http-outgoing-3 << Connection:close
2017-04-07 13:50:22 DEBUG DefaultManagedHttpClientConnection:81 - http-outgoing-3: Close connection
2017-04-07 13:50:22 DEBUG MainClientExec:103 - Connection discarded
2017-04-07 13:50:22 DEBUG PoolingHttpClientConnectionManager:320 - Connection released: [id: 3][route: {}->http://localhost:6505][total kept alive: 0; route allocated: 0 of 2000; total allocated: 0 of 2000]
2017-04-07 13:50:22 DEBUG PoolingHttpClientConnectionManager:401 - Closing connections idle longer than 0 SECONDS
